0 info it worked if it ends with ok
1 verbose cli [ 'C:\\Program Files\\nodejs\\node.exe',
1 verbose cli   'C:\\Users\\lenovo\\AppData\\Roaming\\npm\\node_modules\\npm\\bin\\npm-cli.js',
1 verbose cli   'install',
1 verbose cli   'node-inspector',
1 verbose cli   '-g' ]
2 info using npm@3.0.0
3 info using node@v6.2.0
4 silly loadCurrentTree Starting
5 silly install loadCurrentTree
6 silly install readLocalPackageData
7 silly install normalizeTree
8 verbose stack RangeError: Maximum call stack size exceeded
8 verbose stack     at exports.create (C:\Users\lenovo\AppData\Roaming\npm\node_modules\.npm_npminstall\npm\3.0.0\npm\lib\install\node.js:26:25)
8 verbose stack     at C:\Users\lenovo\AppData\Roaming\npm\node_modules\.npm_npminstall\npm\3.0.0\npm\lib\install\node.js:29:14
8 verbose stack     at Array.forEach (native)
8 verbose stack     at exports.create (C:\Users\lenovo\AppData\Roaming\npm\node_modules\.npm_npminstall\npm\3.0.0\npm\lib\install\node.js:26:25)
8 verbose stack     at C:\Users\lenovo\AppData\Roaming\npm\node_modules\.npm_npminstall\npm\3.0.0\npm\lib\install\node.js:29:14
8 verbose stack     at Array.forEach (native)
8 verbose stack     at exports.create (C:\Users\lenovo\AppData\Roaming\npm\node_modules\.npm_npminstall\npm\3.0.0\npm\lib\install\node.js:26:25)
8 verbose stack     at exports.reset (C:\Users\lenovo\AppData\Roaming\npm\node_modules\.npm_npminstall\npm\3.0.0\npm\lib\install\node.js:40:15)
8 verbose stack     at Array.forEach (native)
8 verbose stack     at exports.reset (C:\Users\lenovo\AppData\Roaming\npm\node_modules\.npm_npminstall\npm\3.0.0\npm\lib\install\node.js:47:18)
9 verbose cwd E:\code\node\myblog
10 error Windows_NT 10.0.14393
11 error argv "C:\\Program Files\\nodejs\\node.exe" "C:\\Users\\lenovo\\AppData\\Roaming\\npm\\node_modules\\npm\\bin\\npm-cli.js" "install" "node-inspector" "-g"
12 error node v6.2.0
13 error npm  v3.0.0
14 error Maximum call stack size exceeded
15 error If you need help, you may report this error at:
15 error     <https://github.com/npm/npm/issues>
16 verbose exit [ 1, true ]
